2025-02-22 12:25:40.194 - 

2025-02-22 12:25:40,195 - INFO - sdk version: v1.1.0
2025-02-22 12:25:40,195 - ERROR - Error: 'GetKlinesReqBuilder' object has no attribute 'set_limit'
2025-02-22 13:05:46.453 - 

2025-02-22 13:05:46,454 - INFO - sdk version: v1.1.0
2025-02-22 13:05:46,454 - ERROR - Error: 1 validation error for GetKlinesReq
endAt
  Input should be a valid integer, got a number with a fractional part [type=int_from_float, input_value=1740247546.4547784, input_type=float]
    For further information visit https://errors.pydantic.dev/2.10/v/int_from_float
2025-02-22 13:06:01.589 - 

2025-02-22 13:06:01,589 - INFO - sdk version: v1.1.0
2025-02-22 13:06:01,900 - INFO - [['1740247200', '96634.5', '96666.9', '96672', '96634.4', '1.93094432', '186643.595193416'], ['1740243600', '96508.5', '96634.5', '96681.4', '96469.8', '29.73659625', '2872312.559146293'], ['1740240000', '96591.1', '96502.4', '96806.3', '96445.7', '42.5985721', '4118246.287742508'], ['1740236400', '96517.6', '96591.1', '96711.7', '96483.8', '24.70978014', '2387042.690222672'], ['1740232800', '96554.3', '96517.7', '96704.6', '96517.7', '27.78973959', '2684240.815243324'], ['1740229200', '96818.8', '96554.4', '96907.1', '96511.9', '51.19331946', '4951234.860009225'], ['1740225600', '96568.2', '96818.7', '96998.9', '96561.9', '58.64350908', '5673280.170617934'], ['1740222000', '96487.8', '96568.3', '96604.9', '96487.7', '18.1911946', '1756219.232016706'], ['1740218400', '96487', '96487.8', '96576.2', '96427.4', '34.74402693', '3353194.293778995'], ['1740214800', '96212.3', '96486.5', '96517.6', '96149.2', '33.06511909', '3186187.159903448'], ['1740211200', '96286.7', '96212.3', '96346.5', '96142.5', '33.29027451', '3202987.474092192'], ['1740207600', '96388.3', '96286.7', '96513.4', '96277.6', '23.02414224', '2220420.205470169'], ['1740204000', '96508', '96392.4', '96579.4', '96320.9', '13.05305377', '1259111.165838137'], ['1740200400', '96385.5', '96508', '96523.6', '96302.6', '19.429854', '1873888.235817398'], ['1740196800', '96293.3', '96385.4', '96475.3', '96267.9', '22.91934095', '2208923.482064314'], ['1740193200', '96340.9', '96293.2', '96351.3', '96147', '18.3321206', '1764677.516653835'], ['1740189600', '96238.3', '96340.9', '96446.1', '96097.7', '40.98407913', '3945410.966429969'], ['1740186000', '96186.8', '96233.9', '96448.5', '96117.3', '29.06163115', '2798560.57289263'], ['1740182400', '96179.1', '96186.8', '96200', '95775.6', '49.91171586', '4791069.444612175'], ['1740178800', '95830.5', '96179.1', '96199.2', '95659.2', '53.55761385', '5138918.579256084'], ['1740175200', '95394.8', '95830.5', '95930', '95236.6', '92.92837996', '8885398.670825195'], ['1740171600', '95073.8', '95394.8', '95482.1', '95009.6', '88.27410542', '8407113.110854711'], ['1740168000', '95275.7', '95073.8', '95659.9', '94881.4', '257.19484563', '24499919.077840588'], ['1740164400', '96540.1', '95283.3', '96826.6', '95250', '292.78004458', '28092733.974198574'], ['1740160800', '96963.9', '96540', '97228.7', '96527.1', '209.00226447', '20248072.747695362'], ['1740157200', '98219.7', '96963.9', '98432.2', '96827.3', '204.22623167', '19901968.375559627'], ['1740153600', '98098.5', '98219.7', '98754.7', '97731.3', '153.70459931', '15103476.217113642'], ['1740150000', '98777.5', '98098.4', '99331.3', '97181.3', '376.29415991', '36913819.370167881'], ['1740146400', '99329.3', '98777.4', '99365.7', '98311.6', '156.38712888', '15448549.885848867'], ['1740142800', '98900.3', '99329.4', '99477.7', '98804.9', '165.95965817', '16467235.61957603'], ['1740139200', '98612.5', '98900.2', '98958.7', '98523.7', '65.1127944', '6431590.251971782'], ['1740135600', '98608.9', '98612.4', '98800', '98478.4', '70.12675099', '6920248.487150359'], ['1740132000', '98337.1', '98608.8', '98665.8', '98225', '32.59987535', '3209620.204079053'], ['1740128400', '98200.4', '98337.1', '98899.9', '98110.1', '120.36566054', '11853572.457824324'], ['1740124800', '98169.6', '98200.3', '98256.2', '98126', '28.71390766', '2819635.927248671'], ['1740121200', '98408.2', '98169.5', '98582.5', '98158.3', '57.68436179', '5677239.805436052'], ['1740117600', '98337.3', '98408.1', '98424.4', '98297', '25.4035384', '2499084.015019658'], ['1740114000', '98212.8', '98337.2', '98393.8', '98175', '27.85820737', '2738144.634672626'], ['1740110400', '98148.3', '98212.7', '98274', '98122.7', '32.81675391', '3222857.333749086'], ['1740106800', '98111.1', '98148.2', '98300.1', '98087.9', '22.73168275', '2231524.571673613'], ['1740103200', '98312.4', '98111.1', '98378.8', '98111', '22.67769044', '2228625.087803596'], ['1740099600', '98235.5', '98312.4', '98353', '98111', '28.15220116', '2765005.319263801'], ['1740096000', '98300', '98235.5', '98496.9', '98076.5', '28.58888479', '2811183.409890271'], ['1740092400', '98117.5', '98300.1', '98513.6', '98112.7', '30.54701212', '3004353.249156451'], ['1740088800', '98078.5', '98131.8', '98407.1', '98052.7', '44.60268127', '4378709.566020664'], ['1740085200', '98455.1', '98078.4', '98495', '98000.1', '51.23755665', '5031944.250251015'], ['1740081600', '98405.8', '98455.1', '98725.8', '98291.7', '146.76554539', '14457453.281549751'], ['1740078000', '98278', '98405.8', '98514', '98235', '90.9710478', '8951068.608560279'], ['1740074400', '97954.9', '98283.8', '98419.8', '97938.7', '110.04404602', '10802761.086719988'], ['1740070800', '97534.1', '97955', '98000', '97534', '62.53504307', '6118487.147708469'], ['1740067200', '96913.9', '97534.1', '97971.8', '96872.5', '142.7467139', '13924133.956838434'], ['1740063600', '96959.2', '96906.4', '97315.1', '96800', '127.58485183', '12384302.872301853'], ['1740060000', '97546.5', '96959.1', '98042.8', '96869.8', '190.26864028', '18571994.486852439'], ['1740056400', '97421.7', '97546.4', '97555.1', '97259.2', '42.2073001', '4111094.014514291'], ['1740052800', '97199.8', '97421.7', '97538.7', '97199.8', '36.38679919', '3544822.890325839'], ['1740049200', '97368.6', '97199.7', '97373.6', '97157.9', '33.91420137', '3298205.955152031'], ['1740045600', '97181.1', '97368.5', '97368.5', '97093.8', '26.87881105', '2613596.797175481'], ['1740042000', '97137.6', '97181.1', '97276', '97137.6', '38.52938475', '3744936.846963624'], ['1740038400', '96855.2', '97137.5', '97189.8', '96793.4', '30.01623234', '2910329.346906928'], ['1740034800', '96901.3', '96855.2', '97078.5', '96795.2', '28.38906836', '2751675.713133771'], ['1740031200', '96899.7', '96901.2', '96982.4', '96762.7', '39.07701534', '3786002.503970645'], ['1740027600', '97209.7', '96899.8', '97209.7', '96885.6', '84.99229494', '8252634.546435439'], ['1740024000', '97061.7', '97209.6', '97338.4', '97053.3', '51.39135245', '4995648.384901813'], ['1740020400', '97131.9', '97061.6', '97367.2', '96983.2', '42.35715084', '4115650.329743013'], ['1740016800', '96764.1', '97131.9', '97271.5', '96730.1', '47.31826812', '4589198.898654855'], ['1740013200', '96847.5', '96764', '97000', '96625.5', '41.44179968', '4011022.500560651'], ['1740009600', '96643.7', '96847.5', '96847.6', '96412.7', '31.07113983', '3001049.428435854'], ['1740006000', '96528.7', '96643.8', '96893.1', '96512.9', '63.56835298', '6146301.341489619'], ['1740002400', '96311.8', '96528.7', '96610', '96307.1', '30.42611975', '2935083.088688361'], ['1739998800', '96165', '96312.6', '96474.3', '96056.1', '37.66242987', '3627050.780791999'], ['1739995200', '96193.5', '96174.6', '96473.9', '96097.5', '82.83974219', '7980732.363620403'], ['1739991600', '95670.2', '96200', '96228.1', '95416.7', '88.87261893', '8521121.513085302'], ['1739988000', '96395.8', '95670.2', '96418.2', '95628.8', '62.46860324', '5994805.053767517'], ['1739984400', '96301.7', '96395.7', '96482.4', '96112.3', '72.1146967', '6947455.823882054'], ['1739980800', '95925.4', '96301.6', '96369.9', '95922.1', '74.00143739', '7118698.761581832'], ['1739977200', '95755.2', '95925.3', '96397.6', '95521', '156.83630788', '15053074.17341123'], ['1739973600', '96282.7', '95755.2', '96690.6', '95676.5', '114.06836205', '10972257.920781848'], ['1739970000', '96163.2', '96282.8', '96491.2', '96158.5', '52.31140592', '5037836.862918506'], ['1739966400', '96418.6', '96163.2', '96496.9', '96146', '40.4809477', '3900277.444614896'], ['1739962800', '96331.7', '96418.6', '96420', '96204', '36.07740607', '3474166.379359731'], ['1739959200', '95938.6', '96331.7', '96460.2', '95938.6', '64.65676111', '6225474.989552168'], ['1739955600', '95632', '95938.5', '96022.4', '95631.9', '26.18064909', '2509242.27244112'], ['1739952000', '95687', '95631.9', '95867.4', '95620', '33.61785549', '3219427.426987468'], ['1739948400', '95618.9', '95686.9', '95846.1', '95582.6', '38.26426609', '3661983.2064239'], ['1739944800', '95286.2', '95618.8', '95670.1', '95246.2', '29.05772408', '2773162.886162054'], ['1739941200', '95219.8', '95286.2', '95348.6', '95043.2', '41.78029454', '3977800.183507338'], ['1739937600', '95708.1', '95221.2', '95764.5', '95221.2', '41.3348354', '3949222.584878279'], ['1739934000', '95829.9', '95708', '95842.2', '95574', '39.20450162', '3752977.610625785'], ['1739930400', '95474', '95829.9', '95955.4', '95447', '54.3591102', '5200250.976370211'], ['1739926800', '95326.3', '95474', '95479.7', '95063.1', '49.02061156', '4669555.961857858'], ['1739923200', '95650', '95326.3', '95822.1', '95268.9', '55.17041518', '5271116.385892631'], ['1739919600', '95287.3', '95656.7', '95666.3', '95252.7', '38.94326028', '3716861.584572346'], ['1739916000', '95058.1', '95303.3', '95526.2', '94856.4', '55.04068179', '5241618.12467814'], ['1739912400', '94217.5', '95058.1', '95320.9', '94116.8', '199.68634375', '18951787.072142197'], ['1739908800', '94107.2', '94181.5', '94465.2', '93737.6', '87.28944805', '8216429.176846354'], ['1739905200', '93922.8', '94107.2', '94397.8', '93383.2', '132.2883662', '12403469.936336231'], ['1739901600', '94110.1', '93922.8', '94353.7', '93600', '168.55537415', '15831794.083664151'], ['1739898000', '94642.2', '94110.1', '94878.7', '94110', '137.9218845', '13030461.526141126'], ['1739894400', '95547.8', '94642.3', '95651.2', '94610.8', '166.56861919', '15833186.143400121'], ['1739890800', '95535.1', '95555.3', '95729.7', '95200.1', '115.87322752', '11065372.679463865']]
2025-02-22 13:27:04.138 - 

2025-02-22 13:27:04,444 - INFO - sdk version: v1.1.0
2025-02-22 13:27:04,444 - ERROR - Error: 1 validation error for GetKlinesReq
endAt
  Input should be a valid integer, got a number with a fractional part [type=int_from_float, input_value=1740248824.44488, input_type=float]
    For further information visit https://errors.pydantic.dev/2.10/v/int_from_float
2025-02-22 13:27:29.816 - 

2025-02-22 13:27:30,103 - INFO - sdk version: v1.1.0
2025-02-22 13:27:30,497 - INFO - Received 100 candles for BTC-USDT from 0 to 1740248850
2025-02-22 13:27:30,499 - INFO - Data saved to BTC-USDT.csv
2025-02-22 13:28:08.608 - 

2025-02-22 13:28:08,905 - INFO - sdk version: v1.1.0
2025-02-22 13:28:09,191 - INFO - Received 100 candles for BTC-USDT from 0 to 1740248888
2025-02-22 13:28:09,193 - INFO - Data saved to BTC-USDT.csv
2025-02-22 13:28:27.246 - 

2025-02-22 13:28:27,548 - INFO - sdk version: v1.1.0
2025-02-22 13:28:27,804 - INFO - Received 100 candles for BTC-USDT from 0 to 1740248907
2025-02-22 13:28:27,806 - INFO - Data saved to BTC-USDT.csv
2025-02-22 13:30:20.163 - 

2025-02-22 13:30:20,444 - INFO - sdk version: v1.1.0
2025-02-22 13:30:20,803 - ERROR - Error: 'str' object cannot be interpreted as an integer
2025-02-22 13:30:40.276 - 

2025-02-22 13:30:40,548 - INFO - sdk version: v1.1.0
2025-02-22 13:30:40,802 - INFO - Received 100 candles for BTC-USDT from 2025-02-22 18:00:00 to 2025-02-18 15:00:00
2025-02-22 13:30:40,805 - INFO - Data saved to BTC-USDT.csv
2025-02-22 13:32:12.810 - 

2025-02-22 13:32:13,089 - INFO - sdk version: v1.1.0
2025-02-22 13:32:13,371 - ERROR - Error: type object 'datetime.datetime' has no attribute 'timezone'
2025-02-22 13:32:36.753 - 

2025-02-22 13:32:37,018 - INFO - sdk version: v1.1.0
2025-02-22 13:32:37,305 - INFO - Received 100 candles for BTC-USDT from 2025-02-18 15:00:00+00:00 to 2025-02-22 18:00:00+00:00
2025-02-22 13:32:37,307 - INFO - Data saved to BTC-USDT.csv
2025-02-22 13:33:00.632 - 

2025-02-22 13:33:00,904 - INFO - sdk version: v1.1.0
2025-02-22 13:33:01,161 - INFO - Received 100 candles for BTC-USDT from 2025-02-18 15:00:00 to 2025-02-22 18:00:00
2025-02-22 13:33:01,163 - INFO - Data saved to BTC-USDT.csv
2025-02-22 13:35:54.315 - 

2025-02-22 13:35:54,577 - INFO - sdk version: v1.1.0
2025-02-22 13:35:54,899 - INFO - Received 100 candles for BTC-USDT from 2025-02-18 15:00:00 to 2025-02-22 18:00:00
2025-02-22 13:35:54,900 - INFO - [['1740247200', '96634.5', '96759.6', '96761.8', '96634.4', '15.50853332', '1499667.186746586'], ['1740243600', '96508.5', '96634.5', '96681.4', '96469.8', '29.73659625', '2872312.559146293'], ['1740240000', '96591.1', '96502.4', '96806.3', '96445.7', '42.5985721', '4118246.287742508'], ['1740236400', '96517.6', '96591.1', '96711.7', '96483.8', '24.70978014', '2387042.690222672'], ['1740232800', '96554.3', '96517.7', '96704.6', '96517.7', '27.78973959', '2684240.815243324'], ['1740229200', '96818.8', '96554.4', '96907.1', '96511.9', '51.19331946', '4951234.860009225'], ['1740225600', '96568.2', '96818.7', '96998.9', '96561.9', '58.64350908', '5673280.170617934'], ['1740222000', '96487.8', '96568.3', '96604.9', '96487.7', '18.1911946', '1756219.232016706'], ['1740218400', '96487', '96487.8', '96576.2', '96427.4', '34.74402693', '3353194.293778995'], ['1740214800', '96212.3', '96486.5', '96517.6', '96149.2', '33.06511909', '3186187.159903448'], ['1740211200', '96286.7', '96212.3', '96346.5', '96142.5', '33.29027451', '3202987.474092192'], ['1740207600', '96388.3', '96286.7', '96513.4', '96277.6', '23.02414224', '2220420.205470169'], ['1740204000', '96508', '96392.4', '96579.4', '96320.9', '13.05305377', '1259111.165838137'], ['1740200400', '96385.5', '96508', '96523.6', '96302.6', '19.429854', '1873888.235817398'], ['1740196800', '96293.3', '96385.4', '96475.3', '96267.9', '22.91934095', '2208923.482064314'], ['1740193200', '96340.9', '96293.2', '96351.3', '96147', '18.3321206', '1764677.516653835'], ['1740189600', '96238.3', '96340.9', '96446.1', '96097.7', '40.98407913', '3945410.966429969'], ['1740186000', '96186.8', '96233.9', '96448.5', '96117.3', '29.06163115', '2798560.57289263'], ['1740182400', '96179.1', '96186.8', '96200', '95775.6', '49.91171586', '4791069.444612175'], ['1740178800', '95830.5', '96179.1', '96199.2', '95659.2', '53.55761385', '5138918.579256084'], ['1740175200', '95394.8', '95830.5', '95930', '95236.6', '92.92837996', '8885398.670825195'], ['1740171600', '95073.8', '95394.8', '95482.1', '95009.6', '88.27410542', '8407113.110854711'], ['1740168000', '95275.7', '95073.8', '95659.9', '94881.4', '257.19484563', '24499919.077840588'], ['1740164400', '96540.1', '95283.3', '96826.6', '95250', '292.78004458', '28092733.974198574'], ['1740160800', '96963.9', '96540', '97228.7', '96527.1', '209.00226447', '20248072.747695362'], ['1740157200', '98219.7', '96963.9', '98432.2', '96827.3', '204.22623167', '19901968.375559627'], ['1740153600', '98098.5', '98219.7', '98754.7', '97731.3', '153.70459931', '15103476.217113642'], ['1740150000', '98777.5', '98098.4', '99331.3', '97181.3', '376.29415991', '36913819.370167881'], ['1740146400', '99329.3', '98777.4', '99365.7', '98311.6', '156.38712888', '15448549.885848867'], ['1740142800', '98900.3', '99329.4', '99477.7', '98804.9', '165.95965817', '16467235.61957603'], ['1740139200', '98612.5', '98900.2', '98958.7', '98523.7', '65.1127944', '6431590.251971782'], ['1740135600', '98608.9', '98612.4', '98800', '98478.4', '70.12675099', '6920248.487150359'], ['1740132000', '98337.1', '98608.8', '98665.8', '98225', '32.59987535', '3209620.204079053'], ['1740128400', '98200.4', '98337.1', '98899.9', '98110.1', '120.36566054', '11853572.457824324'], ['1740124800', '98169.6', '98200.3', '98256.2', '98126', '28.71390766', '2819635.927248671'], ['1740121200', '98408.2', '98169.5', '98582.5', '98158.3', '57.68436179', '5677239.805436052'], ['1740117600', '98337.3', '98408.1', '98424.4', '98297', '25.4035384', '2499084.015019658'], ['1740114000', '98212.8', '98337.2', '98393.8', '98175', '27.85820737', '2738144.634672626'], ['1740110400', '98148.3', '98212.7', '98274', '98122.7', '32.81675391', '3222857.333749086'], ['1740106800', '98111.1', '98148.2', '98300.1', '98087.9', '22.73168275', '2231524.571673613'], ['1740103200', '98312.4', '98111.1', '98378.8', '98111', '22.67769044', '2228625.087803596'], ['1740099600', '98235.5', '98312.4', '98353', '98111', '28.15220116', '2765005.319263801'], ['1740096000', '98300', '98235.5', '98496.9', '98076.5', '28.58888479', '2811183.409890271'], ['1740092400', '98117.5', '98300.1', '98513.6', '98112.7', '30.54701212', '3004353.249156451'], ['1740088800', '98078.5', '98131.8', '98407.1', '98052.7', '44.60268127', '4378709.566020664'], ['1740085200', '98455.1', '98078.4', '98495', '98000.1', '51.23755665', '5031944.250251015'], ['1740081600', '98405.8', '98455.1', '98725.8', '98291.7', '146.76554539', '14457453.281549751'], ['1740078000', '98278', '98405.8', '98514', '98235', '90.9710478', '8951068.608560279'], ['1740074400', '97954.9', '98283.8', '98419.8', '97938.7', '110.04404602', '10802761.086719988'], ['1740070800', '97534.1', '97955', '98000', '97534', '62.53504307', '6118487.147708469'], ['1740067200', '96913.9', '97534.1', '97971.8', '96872.5', '142.7467139', '13924133.956838434'], ['1740063600', '96959.2', '96906.4', '97315.1', '96800', '127.58485183', '12384302.872301853'], ['1740060000', '97546.5', '96959.1', '98042.8', '96869.8', '190.26864028', '18571994.486852439'], ['1740056400', '97421.7', '97546.4', '97555.1', '97259.2', '42.2073001', '4111094.014514291'], ['1740052800', '97199.8', '97421.7', '97538.7', '97199.8', '36.38679919', '3544822.890325839'], ['1740049200', '97368.6', '97199.7', '97373.6', '97157.9', '33.91420137', '3298205.955152031'], ['1740045600', '97181.1', '97368.5', '97368.5', '97093.8', '26.87881105', '2613596.797175481'], ['1740042000', '97137.6', '97181.1', '97276', '97137.6', '38.52938475', '3744936.846963624'], ['1740038400', '96855.2', '97137.5', '97189.8', '96793.4', '30.01623234', '2910329.346906928'], ['1740034800', '96901.3', '96855.2', '97078.5', '96795.2', '28.38906836', '2751675.713133771'], ['1740031200', '96899.7', '96901.2', '96982.4', '96762.7', '39.07701534', '3786002.503970645'], ['1740027600', '97209.7', '96899.8', '97209.7', '96885.6', '84.99229494', '8252634.546435439'], ['1740024000', '97061.7', '97209.6', '97338.4', '97053.3', '51.39135245', '4995648.384901813'], ['1740020400', '97131.9', '97061.6', '97367.2', '96983.2', '42.35715084', '4115650.329743013'], ['1740016800', '96764.1', '97131.9', '97271.5', '96730.1', '47.31826812', '4589198.898654855'], ['1740013200', '96847.5', '96764', '97000', '96625.5', '41.44179968', '4011022.500560651'], ['1740009600', '96643.7', '96847.5', '96847.6', '96412.7', '31.07113983', '3001049.428435854'], ['1740006000', '96528.7', '96643.8', '96893.1', '96512.9', '63.56835298', '6146301.341489619'], ['1740002400', '96311.8', '96528.7', '96610', '96307.1', '30.42611975', '2935083.088688361'], ['1739998800', '96165', '96312.6', '96474.3', '96056.1', '37.66242987', '3627050.780791999'], ['1739995200', '96193.5', '96174.6', '96473.9', '96097.5', '82.83974219', '7980732.363620403'], ['1739991600', '95670.2', '96200', '96228.1', '95416.7', '88.87261893', '8521121.513085302'], ['1739988000', '96395.8', '95670.2', '96418.2', '95628.8', '62.46860324', '5994805.053767517'], ['1739984400', '96301.7', '96395.7', '96482.4', '96112.3', '72.1146967', '6947455.823882054'], ['1739980800', '95925.4', '96301.6', '96369.9', '95922.1', '74.00143739', '7118698.761581832'], ['1739977200', '95755.2', '95925.3', '96397.6', '95521', '156.83630788', '15053074.17341123'], ['1739973600', '96282.7', '95755.2', '96690.6', '95676.5', '114.06836205', '10972257.920781848'], ['1739970000', '96163.2', '96282.8', '96491.2', '96158.5', '52.31140592', '5037836.862918506'], ['1739966400', '96418.6', '96163.2', '96496.9', '96146', '40.4809477', '3900277.444614896'], ['1739962800', '96331.7', '96418.6', '96420', '96204', '36.07740607', '3474166.379359731'], ['1739959200', '95938.6', '96331.7', '96460.2', '95938.6', '64.65676111', '6225474.989552168'], ['1739955600', '95632', '95938.5', '96022.4', '95631.9', '26.18064909', '2509242.27244112'], ['1739952000', '95687', '95631.9', '95867.4', '95620', '33.61785549', '3219427.426987468'], ['1739948400', '95618.9', '95686.9', '95846.1', '95582.6', '38.26426609', '3661983.2064239'], ['1739944800', '95286.2', '95618.8', '95670.1', '95246.2', '29.05772408', '2773162.886162054'], ['1739941200', '95219.8', '95286.2', '95348.6', '95043.2', '41.78029454', '3977800.183507338'], ['1739937600', '95708.1', '95221.2', '95764.5', '95221.2', '41.3348354', '3949222.584878279'], ['1739934000', '95829.9', '95708', '95842.2', '95574', '39.20450162', '3752977.610625785'], ['1739930400', '95474', '95829.9', '95955.4', '95447', '54.3591102', '5200250.976370211'], ['1739926800', '95326.3', '95474', '95479.7', '95063.1', '49.02061156', '4669555.961857858'], ['1739923200', '95650', '95326.3', '95822.1', '95268.9', '55.17041518', '5271116.385892631'], ['1739919600', '95287.3', '95656.7', '95666.3', '95252.7', '38.94326028', '3716861.584572346'], ['1739916000', '95058.1', '95303.3', '95526.2', '94856.4', '55.04068179', '5241618.12467814'], ['1739912400', '94217.5', '95058.1', '95320.9', '94116.8', '199.68634375', '18951787.072142197'], ['1739908800', '94107.2', '94181.5', '94465.2', '93737.6', '87.28944805', '8216429.176846354'], ['1739905200', '93922.8', '94107.2', '94397.8', '93383.2', '132.2883662', '12403469.936336231'], ['1739901600', '94110.1', '93922.8', '94353.7', '93600', '168.55537415', '15831794.083664151'], ['1739898000', '94642.2', '94110.1', '94878.7', '94110', '137.9218845', '13030461.526141126'], ['1739894400', '95547.8', '94642.3', '95651.2', '94610.8', '166.56861919', '15833186.143400121'], ['1739890800', '95535.1', '95555.3', '95729.7', '95200.1', '115.87322752', '11065372.679463865']]
2025-02-22 13:35:54,902 - INFO - Data saved to BTC-USDT.csv
2025-02-22 15:51:46.525 - 

2025-02-22 15:51:47,054 - INFO - sdk version: v1.1.0
2025-02-22 15:51:47,055 - ERROR - Error: DataFrame constructor not properly called!
2025-02-22 15:52:25.721 - 

2025-02-22 15:52:26,000 - INFO - sdk version: v1.1.0
2025-02-22 15:52:26,314 - INFO - Received 126 candles for BTC-USDT from 2025-02-17 15:00:00 to 2025-02-22 20:00:00
2025-02-22 15:52:26,320 - INFO - Data saved to BTC-USDT.csv
2025-02-22 15:52:44.396 - 

2025-02-22 15:52:44,684 - INFO - sdk version: v1.1.0
2025-02-22 15:52:44,994 - INFO - Received 294 candles for BTC-USDT from 2025-02-10 15:00:00 to 2025-02-22 20:00:00
2025-02-22 15:52:44,997 - INFO - Data saved to BTC-USDT.csv
2025-02-22 15:55:02.611 - 

2025-02-22 15:55:02,888 - INFO - sdk version: v1.1.0
2025-02-22 15:55:02,888 - ERROR - Error: int() argument must be a string, a bytes-like object or a real number, not 'builtin_function_or_method'
2025-02-22 15:55:26.603 - 

2025-02-22 15:55:26,888 - INFO - sdk version: v1.1.0
2025-02-22 15:55:27,283 - INFO - Received 1500 candles for BTC-USDT from 2024-12-22 06:00:00 to 2025-02-22 17:00:00
2025-02-22 15:55:27,289 - INFO - Data saved to BTC-USDT.csv
2025-02-22 15:56:07.872 - 

2025-02-22 15:56:08,146 - INFO - sdk version: v1.1.0
2025-02-22 15:56:08,484 - INFO - Received 1500 candles for BTC-USDT from 2024-12-22 06:00:00 to 2025-02-22 17:00:00
2025-02-22 15:56:08,489 - INFO - Data saved to BTC-USDT.csv
2025-02-22 16:02:46.215 - 

2025-02-22 16:02:46,495 - INFO - sdk version: v1.1.0
2025-02-22 16:02:46,888 - INFO - Received 1500 candles for BTC-USDT from 2024-12-22 06:00:00 to 2025-02-22 17:00:00
2025-02-22 16:02:46,893 - INFO - Data saved to BTC-USDT.csv
2025-02-22 16:02:59.623 - 

2025-02-22 16:02:59,907 - INFO - sdk version: v1.1.0
2025-02-22 16:03:00,225 - INFO - Received 291 candles for BTC-USDT from 2025-02-10 15:00:00 to 2025-02-22 17:00:00
2025-02-22 16:03:00,228 - INFO - Data saved to BTC-USDT.csv
2025-02-22 16:03:11.755 - 

2025-02-22 16:03:12,037 - INFO - sdk version: v1.1.0
2025-02-22 16:03:12,358 - INFO - Received 292 candles for BTC-USDT from 2025-02-10 15:00:00 to 2025-02-22 18:00:00
2025-02-22 16:03:12,361 - INFO - Data saved to BTC-USDT.csv
2025-02-22 16:07:23.161 - 

2025-02-22 16:07:23,434 - INFO - sdk version: v1.1.0
2025-02-22 16:07:23,435 - ERROR - Error: DataFrame constructor not properly called!
2025-02-22 16:08:43.511 - 

2025-02-22 16:08:43,803 - INFO - sdk version: v1.1.0
2025-02-22 16:08:43,804 - ERROR - Error: DataFrame constructor not properly called!
2025-02-22 16:09:07.910 - 

2025-02-22 16:09:08,198 - INFO - sdk version: v1.1.0
2025-02-22 16:09:08,198 - ERROR - Error: name 'asyncio' is not defined
2025-02-22 16:09:15.681 - 

2025-02-22 16:09:15,960 - INFO - sdk version: v1.1.0
2025-02-22 16:09:16,358 - ERROR - Error fetching klines: object GetKlinesResp can't be used in 'await' expression
2025-02-22 16:09:21,807 - INFO - Program interrupted by user.
2025-02-22 16:09:45.429 - 

2025-02-22 16:09:45,709 - INFO - sdk version: v1.1.0
2025-02-22 16:10:00,416 - ERROR - Error fetching klines: list index out of range
2025-02-22 16:10:00,667 - INFO - Program interrupted by user.
2025-02-22 16:11:25.187 - 

2025-02-22 16:11:25,471 - INFO - sdk version: v1.1.0
2025-02-22 16:11:25,849 - INFO - Received 1500 candles for BTC-USDT. Current end time: 2024-12-22 07:00:00
2025-02-22 16:11:26,144 - INFO - Received 1500 candles for BTC-USDT. Current end time: 2024-10-20 19:00:00
2025-02-22 16:11:26,484 - INFO - Received 1500 candles for BTC-USDT. Current end time: 2024-08-19 07:00:00
2025-02-22 16:11:26,781 - INFO - Received 1500 candles for BTC-USDT. Current end time: 2024-06-17 19:00:00
2025-02-22 16:11:27,100 - INFO - Received 1500 candles for BTC-USDT. Current end time: 2024-04-16 07:00:00
2025-02-22 16:11:27,449 - INFO - Received 1500 candles for BTC-USDT. Current end time: 2024-02-13 19:00:00
2025-02-22 16:11:27,746 - INFO - Received 1500 candles for BTC-USDT. Current end time: 2023-12-13 07:00:00
2025-02-22 16:11:28,062 - INFO - Received 1500 candles for BTC-USDT. Current end time: 2023-10-11 19:00:00
2025-02-22 16:11:28,364 - INFO - Received 1500 candles for BTC-USDT. Current end time: 2023-08-10 07:00:00
2025-02-22 16:11:28,665 - INFO - Received 1500 candles for BTC-USDT. Current end time: 2023-06-08 19:00:00
2025-02-22 16:11:29,008 - INFO - Received 1500 candles for BTC-USDT. Current end time: 2023-04-07 07:00:00
2025-02-22 16:11:29,320 - INFO - Received 1500 candles for BTC-USDT. Current end time: 2023-02-03 19:00:00
2025-02-22 16:11:29,636 - INFO - Received 1500 candles for BTC-USDT. Current end time: 2022-12-03 07:00:00
2025-02-22 16:11:29,944 - INFO - Received 1500 candles for BTC-USDT. Current end time: 2022-10-01 19:00:00
2025-02-22 16:11:30,281 - INFO - Received 1500 candles for BTC-USDT. Current end time: 2022-07-31 07:00:00
2025-02-22 16:11:30,588 - INFO - Received 1500 candles for BTC-USDT. Current end time: 2022-05-29 19:00:00
2025-02-22 16:11:30,892 - INFO - Received 1500 candles for BTC-USDT. Current end time: 2022-03-28 07:00:00
2025-02-22 16:11:31,211 - INFO - Received 1500 candles for BTC-USDT. Current end time: 2022-01-24 19:00:00
2025-02-22 16:11:31,522 - INFO - Received 1500 candles for BTC-USDT. Current end time: 2021-11-23 07:00:00
2025-02-22 16:11:31,825 - INFO - Received 1500 candles for BTC-USDT. Current end time: 2021-09-21 19:00:00
2025-02-22 16:11:32,132 - INFO - Received 1500 candles for BTC-USDT. Current end time: 2021-07-21 07:00:00
2025-02-22 16:11:32,456 - INFO - Received 1500 candles for BTC-USDT. Current end time: 2021-05-19 19:00:00
2025-02-22 16:11:32,774 - INFO - Received 1500 candles for BTC-USDT. Current end time: 2021-03-18 07:00:00
2025-02-22 16:11:33,078 - INFO - Received 1500 candles for BTC-USDT. Current end time: 2021-01-14 19:00:00
2025-02-22 16:11:33,396 - INFO - Received 1500 candles for BTC-USDT. Current end time: 2020-11-13 07:00:00
2025-02-22 16:11:33,703 - INFO - Received 1500 candles for BTC-USDT. Current end time: 2020-09-11 19:00:00
2025-02-22 16:11:34,010 - INFO - Received 1500 candles for BTC-USDT. Current end time: 2020-07-11 07:00:00
2025-02-22 16:11:34,321 - INFO - Received 1500 candles for BTC-USDT. Current end time: 2020-05-09 19:00:00
2025-02-22 16:11:34,615 - INFO - Received 1500 candles for BTC-USDT. Current end time: 2020-03-08 07:00:00
2025-02-22 16:11:34,920 - INFO - Received 1500 candles for BTC-USDT. Current end time: 2020-01-05 19:00:00
2025-02-22 16:11:35,223 - INFO - Received 1500 candles for BTC-USDT. Current end time: 2019-11-04 07:00:00
2025-02-22 16:11:35,532 - INFO - Received 1500 candles for BTC-USDT. Current end time: 2019-09-02 19:00:00
2025-02-22 16:11:35,843 - INFO - Received 1500 candles for BTC-USDT. Current end time: 2019-07-02 07:00:00
2025-02-22 16:11:36,165 - INFO - Received 1500 candles for BTC-USDT. Current end time: 2019-04-30 19:00:00
2025-02-22 16:11:36,470 - INFO - Received 1500 candles for BTC-USDT. Current end time: 2019-02-27 07:00:00
2025-02-22 16:11:36,777 - INFO - Received 1500 candles for BTC-USDT. Current end time: 2018-12-26 19:00:00
2025-02-22 16:11:37,274 - INFO - Received 1500 candles for BTC-USDT. Current end time: 2018-10-25 07:00:00
2025-02-22 16:11:37,593 - INFO - Received 1500 candles for BTC-USDT. Current end time: 2018-08-23 19:00:00
2025-02-22 16:11:37,934 - INFO - Received 1500 candles for BTC-USDT. Current end time: 2018-06-22 07:00:00
2025-02-22 16:11:38,250 - INFO - Received 1500 candles for BTC-USDT. Current end time: 2018-04-20 19:00:00
2025-02-22 16:11:38,548 - INFO - Received 1500 candles for BTC-USDT. Current end time: 2018-02-17 07:00:00
2025-02-22 16:11:38,845 - INFO - Received 1134 candles for BTC-USDT. Current end time: 2018-01-01 00:00:00
2025-02-22 16:11:39,057 - ERROR - Error fetching klines: list index out of range
2025-02-22 16:11:52,231 - INFO - Program interrupted by user.
2025-02-22 16:11:55.040 - 

2025-02-22 16:11:55,308 - INFO - sdk version: v1.1.0
2025-02-22 16:11:55,641 - INFO - Received 1500 candles for BTC-USDT. Current end time: 2024-12-22 07:00:00
2025-02-22 16:11:55,941 - INFO - Received 1500 candles for BTC-USDT. Current end time: 2024-10-20 19:00:00
2025-02-22 16:11:56,232 - INFO - Received 1500 candles for BTC-USDT. Current end time: 2024-08-19 07:00:00
2025-02-22 16:11:56,518 - INFO - Received 1500 candles for BTC-USDT. Current end time: 2024-06-17 19:00:00
2025-02-22 16:11:56,832 - INFO - Received 1500 candles for BTC-USDT. Current end time: 2024-04-16 07:00:00
2025-02-22 16:11:57,142 - INFO - Received 1500 candles for BTC-USDT. Current end time: 2024-02-13 19:00:00
2025-02-22 16:11:58,354 - INFO - Received 1500 candles for BTC-USDT. Current end time: 2023-12-13 07:00:00
2025-02-22 16:11:58,649 - INFO - Received 1500 candles for BTC-USDT. Current end time: 2023-10-11 19:00:00
2025-02-22 16:11:58,992 - INFO - Received 1500 candles for BTC-USDT. Current end time: 2023-08-10 07:00:00
2025-02-22 16:11:59,342 - INFO - Received 1500 candles for BTC-USDT. Current end time: 2023-06-08 19:00:00
2025-02-22 16:11:59,662 - INFO - Received 1500 candles for BTC-USDT. Current end time: 2023-04-07 07:00:00
2025-02-22 16:11:59,966 - INFO - Received 1500 candles for BTC-USDT. Current end time: 2023-02-03 19:00:00
2025-02-22 16:12:00,272 - INFO - Received 1500 candles for BTC-USDT. Current end time: 2022-12-03 07:00:00
2025-02-22 16:12:00,591 - INFO - Received 1500 candles for BTC-USDT. Current end time: 2022-10-01 19:00:00
2025-02-22 16:12:00,893 - INFO - Received 1500 candles for BTC-USDT. Current end time: 2022-07-31 07:00:00
2025-02-22 16:12:01,208 - INFO - Received 1500 candles for BTC-USDT. Current end time: 2022-05-29 19:00:00
2025-02-22 16:12:01,541 - INFO - Received 1500 candles for BTC-USDT. Current end time: 2022-03-28 07:00:00
2025-02-22 16:12:01,852 - INFO - Received 1500 candles for BTC-USDT. Current end time: 2022-01-24 19:00:00
2025-02-22 16:12:02,193 - INFO - Received 1500 candles for BTC-USDT. Current end time: 2021-11-23 07:00:00
2025-02-22 16:12:02,511 - INFO - Received 1500 candles for BTC-USDT. Current end time: 2021-09-21 19:00:00
2025-02-22 16:12:02,840 - INFO - Received 1500 candles for BTC-USDT. Current end time: 2021-07-21 07:00:00
2025-02-22 16:12:03,154 - INFO - Received 1500 candles for BTC-USDT. Current end time: 2021-05-19 19:00:00
2025-02-22 16:12:03,469 - INFO - Received 1500 candles for BTC-USDT. Current end time: 2021-03-18 07:00:00
2025-02-22 16:12:03,795 - INFO - Received 1500 candles for BTC-USDT. Current end time: 2021-01-14 19:00:00
2025-02-22 16:12:04,108 - INFO - Received 1500 candles for BTC-USDT. Current end time: 2020-11-13 07:00:00
2025-02-22 16:12:04,417 - INFO - Received 1500 candles for BTC-USDT. Current end time: 2020-09-11 19:00:00
2025-02-22 16:12:04,721 - INFO - Received 1500 candles for BTC-USDT. Current end time: 2020-07-11 07:00:00
2025-02-22 16:12:05,049 - INFO - Received 1500 candles for BTC-USDT. Current end time: 2020-05-09 19:00:00
2025-02-22 16:12:05,360 - INFO - Received 1500 candles for BTC-USDT. Current end time: 2020-03-08 07:00:00
2025-02-22 16:12:05,685 - INFO - Received 1500 candles for BTC-USDT. Current end time: 2020-01-05 19:00:00
2025-02-22 16:12:05,979 - INFO - Received 1500 candles for BTC-USDT. Current end time: 2019-11-04 07:00:00
2025-02-22 16:12:06,276 - INFO - Received 1500 candles for BTC-USDT. Current end time: 2019-09-02 19:00:00
2025-02-22 16:12:06,584 - INFO - Received 1500 candles for BTC-USDT. Current end time: 2019-07-02 07:00:00
2025-02-22 16:12:06,890 - INFO - Received 1500 candles for BTC-USDT. Current end time: 2019-04-30 19:00:00
2025-02-22 16:12:07,186 - INFO - Received 1500 candles for BTC-USDT. Current end time: 2019-02-27 07:00:00
2025-02-22 16:12:07,516 - INFO - Received 1500 candles for BTC-USDT. Current end time: 2018-12-26 19:00:00
2025-02-22 16:12:07,847 - INFO - Received 1500 candles for BTC-USDT. Current end time: 2018-10-25 07:00:00
2025-02-22 16:12:08,156 - INFO - Received 1500 candles for BTC-USDT. Current end time: 2018-08-23 19:00:00
2025-02-22 16:12:08,488 - INFO - Received 1500 candles for BTC-USDT. Current end time: 2018-06-22 07:00:00
2025-02-22 16:12:08,799 - INFO - Received 1500 candles for BTC-USDT. Current end time: 2018-04-20 19:00:00
2025-02-22 16:12:09,118 - INFO - Received 1500 candles for BTC-USDT. Current end time: 2018-02-17 07:00:00
2025-02-22 16:12:09,421 - INFO - Received 1134 candles for BTC-USDT. Current end time: 2018-01-01 00:00:00
2025-02-22 16:12:09,421 - INFO - Received 62634 candles for BTC-USDT from 2018-01-01 00:00:00 to 2025-02-22 18:00:00
2025-02-22 16:12:09,603 - INFO - Data saved to BTC-USDT.csv
